2022-08-16 15:54:17 -  - exec CUpdateClient::GetUpdatesList
2022-08-16 15:54:17 -  - exec CUpdateClient::CollectRequestData
2022-08-16 15:54:17 -  - LICENSE_KEY=X&lang=ru&SUPD_VER=21.1200.800&VERSION=22.0.300&TYPENC=D&SUPD_STS=1&SUPD_URS=0&SUPD_DBS=MYSQL&XE=N&CLIENT_SITE=bitrix-site&CHHB=bitrix-site&CSAB=127.0.0.1&SUID=fbea39e71dfb560b994639c1336c1add&CANGZIP=Y&CLIENT_PHPVER=8.0.8&stable=Y&mbfo=0&NGINX=Y&SMD=N&rerere=Y&bitm_main=22.0.300&bitm_b24connector=21.100.0&bitm_bitrixcloud=22.0.0&bitm_clouds=22.0.0&bitm_fileman=22.0.0&bitm_highloadblock=22.200.0&bitm_iblock=21.800.300&bitm_landing=21.1300.200&bitm_messageservice=22.200.100&bitm_perfmon=21.0.0&bitm_rest=22.0.100&bitm_search=22.0.0&bitm_seo=22.0.200&bitm_socialservices=22.0.250&bitm_translate=21.100.0&bitm_ui=22.400.50&bitl_en=&bitl_ru=&SUPD_SRS=RU&SUPD_CMP=N&SALE_15=Y&LICENSE_SIGNED=%7Enew_license18_0_sign-Y
2022-08-16 15:54:17 -  - exec CUpdateClient::GetHTTPPage
2022-08-16 15:54:17 -  - TIME GetUpdatesList(request) 0.184 sec
2022-08-16 15:54:17 -  - exec CUpdateClient::ParseServerData
2022-08-16 16:03:44 -  - exec CUpdateClient::GetUpdatesList
2022-08-16 16:03:44 -  - exec CUpdateClient::CollectRequestData
2022-08-16 16:03:44 -  - LICENSE_KEY=X&lang=ru&SUPD_VER=21.1200.800&VERSION=22.0.300&TYPENC=D&SUPD_STS=1&SUPD_URS=0&SUPD_DBS=MYSQL&XE=N&CLIENT_SITE=bitrix-site&CHHB=bitrix-site&CSAB=127.0.0.1&SUID=fbea39e71dfb560b994639c1336c1add&CANGZIP=Y&CLIENT_PHPVER=8.0.8&stable=Y&mbfo=0&NGINX=Y&SMD=N&rerere=Y&bitm_main=22.0.300&bitm_b24connector=21.100.0&bitm_bitrixcloud=22.0.0&bitm_clouds=22.0.0&bitm_fileman=22.0.0&bitm_highloadblock=22.200.0&bitm_iblock=21.800.300&bitm_landing=21.1300.200&bitm_messageservice=22.200.100&bitm_perfmon=21.0.0&bitm_rest=22.0.100&bitm_search=22.0.0&bitm_seo=22.0.200&bitm_socialservices=22.0.250&bitm_translate=21.100.0&bitm_ui=22.400.50&bitl_en=&bitl_ru=&SUPD_SRS=RU&SUPD_CMP=N&SALE_15=Y&LICENSE_SIGNED=%7Enew_license18_0_sign-Y
2022-08-16 16:03:44 -  - exec CUpdateClient::GetHTTPPage
2022-08-16 16:03:45 -  - TIME GetUpdatesList(request) 0.195 sec
2022-08-16 16:03:45 -  - exec CUpdateClient::ParseServerData
2022-08-16 17:59:42 -  - exec CUpdateClient::GetUpdatesList
2022-08-16 17:59:42 -  - exec CUpdateClient::CollectRequestData
2022-08-16 17:59:42 -  - LICENSE_KEY=X&lang=ru&SUPD_VER=21.1200.800&VERSION=22.0.300&TYPENC=D&SUPD_STS=1&SUPD_URS=0&SUPD_DBS=MYSQL&XE=N&CLIENT_SITE=bitrix-site&CHHB=bitrix-site&CSAB=127.0.0.1&SUID=fbea39e71dfb560b994639c1336c1add&CANGZIP=Y&CLIENT_PHPVER=8.0.8&stable=Y&mbfo=0&NGINX=Y&SMD=N&rerere=Y&bitm_main=22.0.300&bitm_b24connector=21.100.0&bitm_bitrixcloud=22.0.0&bitm_clouds=22.0.0&bitm_fileman=22.0.0&bitm_highloadblock=22.200.0&bitm_iblock=21.800.300&bitm_landing=21.1300.200&bitm_messageservice=22.200.100&bitm_perfmon=21.0.0&bitm_rest=22.0.100&bitm_search=22.0.0&bitm_seo=22.0.200&bitm_socialservices=22.0.250&bitm_translate=21.100.0&bitm_ui=22.400.50&bitl_en=&bitl_ru=&SUPD_SRS=RU&SUPD_CMP=N&SALE_15=Y&LICENSE_SIGNED=%7Enew_license18_0_sign-Y
2022-08-16 17:59:42 -  - exec CUpdateClient::GetHTTPPage
2022-08-16 17:59:42 -  - TIME GetUpdatesList(request) 0.166 sec
2022-08-16 17:59:42 -  - exec CUpdateClient::ParseServerData
2022-08-22 20:54:01 -  - exec CUpdateClient::GetUpdatesList
2022-08-22 20:54:01 -  - exec CUpdateClient::CollectRequestData
2022-08-22 20:54:01 -  - LICENSE_KEY=X&lang=ru&SUPD_VER=21.1200.800&VERSION=22.0.300&TYPENC=D&SUPD_STS=2&SUPD_URS=0&SUPD_DBS=MYSQL&XE=N&CLIENT_SITE=odejda&CHHB=odejda&CSAB=127.0.0.1&SUID=fbea39e71dfb560b994639c1336c1add&CANGZIP=Y&CLIENT_PHPVER=8.0.8&stable=Y&mbfo=0&NGINX=Y&SMD=N&rerere=Y&bitm_main=22.0.300&bitm_b24connector=21.100.0&bitm_bitrixcloud=22.0.0&bitm_clouds=22.0.0&bitm_fileman=22.0.0&bitm_highloadblock=22.200.0&bitm_iblock=21.800.300&bitm_landing=21.1300.200&bitm_messageservice=22.200.100&bitm_perfmon=21.0.0&bitm_rest=22.0.100&bitm_search=22.0.0&bitm_seo=22.0.200&bitm_socialservices=22.0.250&bitm_translate=21.100.0&bitm_ui=22.400.50&bitl_en=&bitl_ru=&SUPD_SRS=RU&SUPD_CMP=N&SALE_15=Y&LICENSE_SIGNED=%7Enew_license18_0_sign-Y
2022-08-22 20:54:01 -  - exec CUpdateClient::GetHTTPPage
2022-08-22 20:54:01 -  - TIME GetUpdatesList(request) 0.26 sec
2022-08-22 20:54:01 -  - exec CUpdateClient::ParseServerData
2022-08-22 20:54:05 -  - exec CUpdateClient::UpdateUpdate
2022-08-22 20:54:05 -  - exec CUpdateClient::CollectRequestData
2022-08-22 20:54:05 -  - LICENSE_KEY=X&lang=ru&SUPD_VER=21.1200.800&VERSION=22.0.300&TYPENC=D&SUPD_STS=2&SUPD_URS=0&SUPD_DBS=MYSQL&XE=N&CLIENT_SITE=odejda&CHHB=odejda&CSAB=127.0.0.1&SUID=fbea39e71dfb560b994639c1336c1add&CANGZIP=Y&CLIENT_PHPVER=8.0.8&stable=Y&mbfo=0&NGINX=Y&SMD=N&rerere=Y&bitm_main=22.0.300&bitm_b24connector=21.100.0&bitm_bitrixcloud=22.0.0&bitm_clouds=22.0.0&bitm_fileman=22.0.0&bitm_highloadblock=22.200.0&bitm_iblock=21.800.300&bitm_landing=21.1300.200&bitm_messageservice=22.200.100&bitm_perfmon=21.0.0&bitm_rest=22.0.100&bitm_search=22.0.0&bitm_seo=22.0.200&bitm_socialservices=22.0.250&bitm_translate=21.100.0&bitm_ui=22.400.50&bitl_en=&bitl_ru=&SUPD_SRS=RU&SUPD_CMP=N&SALE_15=Y&LICENSE_SIGNED=%7Enew_license18_0_sign-Y&query_type=updateupdate
2022-08-22 20:54:05 -  - exec CUpdateClient::GetHTTPPage
2022-08-22 20:54:05 -  - TIME UpdateUpdate(request) 0.649 sec
2022-08-22 20:54:05 -  - exec CUpdateClient::UnGzipArchive
2022-08-22 20:54:05 -  - TIME UnGzipArchive 0.096 sec
2022-08-22 20:54:05 -  - exec CUpdateClient::ParseServerData
2022-08-22 20:54:05 - CURV - Update updated successfully!
2022-08-22 20:54:05 - UPD_SUCCESS - Update system updated
2022-08-22 20:54:06 -  - exec CUpdateClient::GetUpdatesList
2022-08-22 20:54:06 -  - exec CUpdateClient::CollectRequestData
2022-08-22 20:54:06 -  - LICENSE_KEY=X&lang=ru&SUPD_VER=22.100.0&VERSION=22.0.300&TYPENC=D&SUPD_STS=2&SUPD_URS=0&SUPD_DBS=MYSQL&XE=N&CLIENT_SITE=odejda&CHHB=odejda&CSAB=127.0.0.1&SUID=fbea39e71dfb560b994639c1336c1add&CANGZIP=Y&CLIENT_PHPVER=8.0.8&stable=Y&mbfo=0&NGINX=Y&SMD=N&rerere=Y&bitm_main=22.0.300&bitm_b24connector=21.100.0&bitm_bitrixcloud=22.0.0&bitm_clouds=22.0.0&bitm_fileman=22.0.0&bitm_highloadblock=22.200.0&bitm_iblock=21.800.300&bitm_landing=21.1300.200&bitm_messageservice=22.200.100&bitm_perfmon=21.0.0&bitm_rest=22.0.100&bitm_search=22.0.0&bitm_seo=22.0.200&bitm_socialservices=22.0.250&bitm_translate=21.100.0&bitm_ui=22.400.50&bitl_en=&bitl_ru=&SUPD_SRS=RU&SUPD_CMP=N&SALE_15=Y&LICENSE_SIGNED=%7Enew_license18_0_sign-Y
2022-08-22 20:54:06 -  - exec CUpdateClient::GetHTTPPage
2022-08-22 20:54:06 -  - TIME GetUpdatesList(request) 0.254 sec
2022-08-22 20:54:06 -  - exec CUpdateClient::ParseServerData
2022-08-22 20:57:44 -  - exec CUpdateClient::GetUpdatesList
2022-08-22 20:57:44 -  - exec CUpdateClient::CollectRequestData
2022-08-22 20:57:44 -  - LICENSE_KEY=X&lang=ru&SUPD_VER=22.100.0&VERSION=22.0.300&TYPENC=D&SUPD_STS=2&SUPD_URS=0&SUPD_DBS=MYSQL&XE=N&CLIENT_SITE=odejda&CHHB=odejda&CSAB=127.0.0.1&SUID=fbea39e71dfb560b994639c1336c1add&CANGZIP=Y&CLIENT_PHPVER=8.0.8&stable=Y&mbfo=0&NGINX=Y&SMD=N&rerere=Y&bitm_main=22.0.300&bitm_b24connector=21.100.0&bitm_bitrixcloud=22.0.0&bitm_clouds=22.0.0&bitm_fileman=22.0.0&bitm_highloadblock=22.200.0&bitm_iblock=21.800.300&bitm_landing=21.1300.200&bitm_messageservice=22.200.100&bitm_perfmon=21.0.0&bitm_rest=22.0.100&bitm_search=22.0.0&bitm_seo=22.0.200&bitm_socialservices=22.0.250&bitm_translate=21.100.0&bitm_ui=22.400.50&bitl_en=&bitl_ru=&SUPD_SRS=RU&SUPD_CMP=N&SALE_15=Y&LICENSE_SIGNED=%7Enew_license18_0_sign-Y
2022-08-22 20:57:44 -  - exec CUpdateClient::GetHTTPPage
2022-08-22 20:57:45 -  - TIME GetUpdatesList(request) 0.17 sec
2022-08-22 20:57:45 -  - exec CUpdateClient::ParseServerData
2022-08-22 23:47:10 -  - exec CUpdateClient::GetUpdatesList
2022-08-22 23:47:10 -  - exec CUpdateClient::CollectRequestData
2022-08-22 23:47:10 -  - LICENSE_KEY=X&lang=ru&SUPD_VER=22.100.0&VERSION=22.0.300&TYPENC=D&SUPD_STS=2&SUPD_URS=0&SUPD_DBS=MYSQL&XE=N&CLIENT_SITE=odejda&CHHB=odejda&CSAB=127.0.0.1&SUID=fbea39e71dfb560b994639c1336c1add&CANGZIP=Y&CLIENT_PHPVER=8.0.8&stable=Y&mbfo=0&NGINX=Y&SMD=N&rerere=Y&bitm_main=22.0.300&bitm_b24connector=21.100.0&bitm_bitrixcloud=22.0.0&bitm_clouds=22.0.0&bitm_fileman=22.0.0&bitm_highloadblock=22.200.0&bitm_iblock=21.800.300&bitm_landing=21.1300.200&bitm_messageservice=22.200.100&bitm_perfmon=21.0.0&bitm_rest=22.0.100&bitm_search=22.0.0&bitm_seo=22.0.200&bitm_socialservices=22.0.250&bitm_translate=21.100.0&bitm_ui=22.400.50&bitl_en=&bitl_ru=&SUPD_SRS=RU&SUPD_CMP=N&SALE_15=Y&LICENSE_SIGNED=%7Enew_license18_0_sign-Y
2022-08-22 23:47:10 -  - exec CUpdateClient::GetHTTPPage
2022-08-22 23:47:10 -  - TIME GetUpdatesList(request) 0.185 sec
2022-08-22 23:47:10 -  - exec CUpdateClient::ParseServerData
2022-08-23 00:24:02 -  - exec CUpdateClient::GetUpdatesList
2022-08-23 00:24:02 -  - exec CUpdateClient::CollectRequestData
2022-08-23 00:24:02 -  - LICENSE_KEY=X&lang=ru&SUPD_VER=22.100.0&VERSION=22.0.300&TYPENC=D&SUPD_STS=2&SUPD_URS=0&SUPD_DBS=MYSQL&XE=N&CLIENT_SITE=odejda&CHHB=odejda&CSAB=127.0.0.1&SUID=fbea39e71dfb560b994639c1336c1add&CANGZIP=Y&CLIENT_PHPVER=8.0.8&stable=Y&mbfo=0&NGINX=Y&SMD=N&rerere=Y&bitm_main=22.0.300&bitm_b24connector=21.100.0&bitm_bitrixcloud=22.0.0&bitm_clouds=22.0.0&bitm_fileman=22.0.0&bitm_highloadblock=22.200.0&bitm_iblock=21.800.300&bitm_landing=21.1300.200&bitm_messageservice=22.200.100&bitm_perfmon=21.0.0&bitm_rest=22.0.100&bitm_search=22.0.0&bitm_seo=22.0.200&bitm_socialservices=22.0.250&bitm_translate=21.100.0&bitm_ui=22.400.50&bitl_en=&bitl_ru=&SUPD_SRS=RU&SUPD_CMP=N&SALE_15=Y&LICENSE_SIGNED=%7Enew_license18_0_sign-Y
2022-08-23 00:24:02 -  - exec CUpdateClient::GetHTTPPage
2022-08-23 00:24:02 -  - TIME GetUpdatesList(request) 0.184 sec
2022-08-23 00:24:02 -  - exec CUpdateClient::ParseServerData
2022-08-23 00:24:05 -  - exec CUpdateClient::GetUpdatesList
2022-08-23 00:24:05 -  - exec CUpdateClient::CollectRequestData
2022-08-23 00:24:05 -  - LICENSE_KEY=X&lang=ru&SUPD_VER=22.100.0&VERSION=22.0.300&TYPENC=D&SUPD_STS=2&SUPD_URS=0&SUPD_DBS=MYSQL&XE=N&CLIENT_SITE=odejda&CHHB=odejda&CSAB=127.0.0.1&SUID=fbea39e71dfb560b994639c1336c1add&CANGZIP=Y&CLIENT_PHPVER=8.0.8&stable=Y&mbfo=0&NGINX=Y&SMD=N&rerere=Y&bitm_main=22.0.300&bitm_b24connector=21.100.0&bitm_bitrixcloud=22.0.0&bitm_clouds=22.0.0&bitm_fileman=22.0.0&bitm_highloadblock=22.200.0&bitm_iblock=21.800.300&bitm_landing=21.1300.200&bitm_messageservice=22.200.100&bitm_perfmon=21.0.0&bitm_rest=22.0.100&bitm_search=22.0.0&bitm_seo=22.0.200&bitm_socialservices=22.0.250&bitm_translate=21.100.0&bitm_ui=22.400.50&bitl_en=&bitl_ru=&SUPD_SRS=RU&SUPD_CMP=N&SALE_15=Y&LICENSE_SIGNED=%7Enew_license18_0_sign-Y
2022-08-23 00:24:05 -  - exec CUpdateClient::GetHTTPPage
2022-08-23 00:24:05 -  - TIME GetUpdatesList(request) 0.166 sec
2022-08-23 00:24:05 -  - exec CUpdateClient::ParseServerData
2022-08-23 00:24:07 -  - exec CUpdateClient::GetUpdatesList
2022-08-23 00:24:07 -  - exec CUpdateClient::CollectRequestData
2022-08-23 00:24:07 -  - LICENSE_KEY=X&lang=ru&SUPD_VER=22.100.0&VERSION=22.0.300&TYPENC=D&SUPD_STS=2&SUPD_URS=0&SUPD_DBS=MYSQL&XE=N&CLIENT_SITE=odejda&CHHB=odejda&CSAB=127.0.0.1&SUID=fbea39e71dfb560b994639c1336c1add&CANGZIP=Y&CLIENT_PHPVER=8.0.8&stable=Y&mbfo=0&NGINX=Y&SMD=N&rerere=Y&bitm_main=22.0.300&bitm_b24connector=21.100.0&bitm_bitrixcloud=22.0.0&bitm_clouds=22.0.0&bitm_fileman=22.0.0&bitm_highloadblock=22.200.0&bitm_iblock=21.800.300&bitm_landing=21.1300.200&bitm_messageservice=22.200.100&bitm_perfmon=21.0.0&bitm_rest=22.0.100&bitm_search=22.0.0&bitm_seo=22.0.200&bitm_socialservices=22.0.250&bitm_translate=21.100.0&bitm_ui=22.400.50&bitl_en=&bitl_ru=&SUPD_SRS=RU&SUPD_CMP=N&SALE_15=Y&LICENSE_SIGNED=%7Enew_license18_0_sign-Y
2022-08-23 00:24:07 -  - exec CUpdateClient::GetHTTPPage
2022-08-23 00:24:08 -  - TIME GetUpdatesList(request) 0.178 sec
2022-08-23 00:24:08 -  - exec CUpdateClient::ParseServerData
2022-08-23 00:24:08 -  - exec CUpdateClient::GetUpdatesList
2022-08-23 00:24:08 -  - exec CUpdateClient::CollectRequestData
2022-08-23 00:24:08 -  - LICENSE_KEY=X&lang=ru&SUPD_VER=22.100.0&VERSION=22.0.300&TYPENC=D&SUPD_STS=2&SUPD_URS=0&SUPD_DBS=MYSQL&XE=N&CLIENT_SITE=odejda&CHHB=odejda&CSAB=127.0.0.1&SUID=fbea39e71dfb560b994639c1336c1add&CANGZIP=Y&CLIENT_PHPVER=8.0.8&stable=Y&mbfo=0&NGINX=Y&SMD=N&rerere=Y&bitm_main=22.0.300&bitm_b24connector=21.100.0&bitm_bitrixcloud=22.0.0&bitm_clouds=22.0.0&bitm_fileman=22.0.0&bitm_highloadblock=22.200.0&bitm_iblock=21.800.300&bitm_landing=21.1300.200&bitm_messageservice=22.200.100&bitm_perfmon=21.0.0&bitm_rest=22.0.100&bitm_search=22.0.0&bitm_seo=22.0.200&bitm_socialservices=22.0.250&bitm_translate=21.100.0&bitm_ui=22.400.50&bitl_en=&bitl_ru=&SUPD_SRS=RU&SUPD_CMP=N&SALE_15=Y&LICENSE_SIGNED=%7Enew_license18_0_sign-Y
2022-08-23 00:24:08 -  - exec CUpdateClient::GetHTTPPage
2022-08-23 00:24:09 -  - TIME GetUpdatesList(request) 0.161 sec
2022-08-23 00:24:09 -  - exec CUpdateClient::ParseServerData
2022-08-23 00:30:35 -  - exec CUpdateClient::GetUpdatesList
2022-08-23 00:30:35 -  - exec CUpdateClient::CollectRequestData
2022-08-23 00:30:35 -  - LICENSE_KEY=X&lang=ru&SUPD_VER=22.100.0&VERSION=22.0.300&TYPENC=D&SUPD_STS=1&SUPD_URS=0&SUPD_DBS=MYSQL&XE=N&CLIENT_SITE=odejda&CHHB=odejda&CSAB=127.0.0.1&SUID=fbea39e71dfb560b994639c1336c1add&CANGZIP=Y&CLIENT_PHPVER=8.0.8&stable=Y&mbfo=0&NGINX=Y&SMD=N&rerere=Y&bitm_main=22.0.300&bitm_b24connector=21.100.0&bitm_bitrixcloud=22.0.0&bitm_clouds=22.0.0&bitm_fileman=22.0.0&bitm_highloadblock=22.200.0&bitm_iblock=21.800.300&bitm_landing=21.1300.200&bitm_messageservice=22.200.100&bitm_perfmon=21.0.0&bitm_rest=22.0.100&bitm_search=22.0.0&bitm_seo=22.0.200&bitm_socialservices=22.0.250&bitm_translate=21.100.0&bitm_ui=22.400.50&bitl_en=&bitl_ru=&SUPD_SRS=RU&SUPD_CMP=N&SALE_15=Y&LICENSE_SIGNED=%7Enew_license18_0_sign-Y
2022-08-23 00:30:35 -  - exec CUpdateClient::GetHTTPPage
2022-08-23 00:30:36 -  - TIME GetUpdatesList(request) 0.186 sec
2022-08-23 00:30:36 -  - exec CUpdateClient::ParseServerData
2022-08-23 00:30:40 -  - exec CUpdateClient::GetUpdatesList
2022-08-23 00:30:40 -  - exec CUpdateClient::CollectRequestData
2022-08-23 00:30:40 -  - LICENSE_KEY=X&lang=ru&SUPD_VER=22.100.0&VERSION=22.0.300&TYPENC=D&SUPD_STS=1&SUPD_URS=0&SUPD_DBS=MYSQL&XE=N&CLIENT_SITE=odejda&CHHB=odejda&CSAB=127.0.0.1&SUID=fbea39e71dfb560b994639c1336c1add&CANGZIP=Y&CLIENT_PHPVER=8.0.8&stable=Y&mbfo=0&NGINX=Y&SMD=N&rerere=Y&bitm_main=22.0.300&bitm_b24connector=21.100.0&bitm_bitrixcloud=22.0.0&bitm_clouds=22.0.0&bitm_fileman=22.0.0&bitm_highloadblock=22.200.0&bitm_iblock=21.800.300&bitm_landing=21.1300.200&bitm_messageservice=22.200.100&bitm_perfmon=21.0.0&bitm_rest=22.0.100&bitm_search=22.0.0&bitm_seo=22.0.200&bitm_socialservices=22.0.250&bitm_translate=21.100.0&bitm_ui=22.400.50&bitl_en=&bitl_ru=&SUPD_SRS=RU&SUPD_CMP=N&SALE_15=Y&LICENSE_SIGNED=%7Enew_license18_0_sign-Y
2022-08-23 00:30:40 -  - exec CUpdateClient::GetHTTPPage
2022-08-23 00:30:40 -  - TIME GetUpdatesList(request) 0.205 sec
2022-08-23 00:30:40 -  - exec CUpdateClient::ParseServerData
2022-08-23 08:59:01 -  - exec CUpdateClient::GetUpdatesList
2022-08-23 08:59:01 -  - exec CUpdateClient::CollectRequestData
2022-08-23 08:59:01 -  - LICENSE_KEY=X&lang=ru&SUPD_VER=22.100.0&VERSION=22.0.300&TYPENC=D&SUPD_STS=1&SUPD_URS=0&SUPD_DBS=MYSQL&XE=N&CLIENT_SITE=odejda&CHHB=odejda&CSAB=127.0.0.1&SUID=fbea39e71dfb560b994639c1336c1add&CANGZIP=Y&CLIENT_PHPVER=8.0.8&stable=Y&mbfo=0&NGINX=Y&SMD=N&rerere=Y&bitm_main=22.0.300&bitm_b24connector=21.100.0&bitm_bitrixcloud=22.0.0&bitm_clouds=22.0.0&bitm_fileman=22.0.0&bitm_highloadblock=22.200.0&bitm_iblock=21.800.300&bitm_landing=21.1300.200&bitm_messageservice=22.200.100&bitm_perfmon=21.0.0&bitm_rest=22.0.100&bitm_search=22.0.0&bitm_seo=22.0.200&bitm_socialservices=22.0.250&bitm_translate=21.100.0&bitm_ui=22.400.50&bitl_en=&bitl_ru=&SUPD_SRS=RU&SUPD_CMP=N&SALE_15=Y&LICENSE_SIGNED=%7Enew_license18_0_sign-Y
2022-08-23 08:59:01 -  - exec CUpdateClient::GetHTTPPage
2022-08-23 08:59:02 -  - TIME GetUpdatesList(request) 0.192 sec
2022-08-23 08:59:02 -  - exec CUpdateClient::ParseServerData
2022-08-23 08:59:04 -  - exec CUpdateClient::GetUpdatesList
2022-08-23 08:59:04 -  - exec CUpdateClient::CollectRequestData
2022-08-23 08:59:04 -  - LICENSE_KEY=X&lang=ru&SUPD_VER=22.100.0&VERSION=22.0.300&TYPENC=D&SUPD_STS=1&SUPD_URS=0&SUPD_DBS=MYSQL&XE=N&CLIENT_SITE=odejda&CHHB=odejda&CSAB=127.0.0.1&SUID=fbea39e71dfb560b994639c1336c1add&CANGZIP=Y&CLIENT_PHPVER=8.0.8&stable=Y&mbfo=0&NGINX=Y&SMD=N&rerere=Y&bitm_main=22.0.300&bitm_b24connector=21.100.0&bitm_bitrixcloud=22.0.0&bitm_clouds=22.0.0&bitm_fileman=22.0.0&bitm_highloadblock=22.200.0&bitm_iblock=21.800.300&bitm_landing=21.1300.200&bitm_messageservice=22.200.100&bitm_perfmon=21.0.0&bitm_rest=22.0.100&bitm_search=22.0.0&bitm_seo=22.0.200&bitm_socialservices=22.0.250&bitm_translate=21.100.0&bitm_ui=22.400.50&bitl_en=&bitl_ru=&SUPD_SRS=RU&SUPD_CMP=N&SALE_15=Y&LICENSE_SIGNED=%7Enew_license18_0_sign-Y
2022-08-23 08:59:04 -  - exec CUpdateClient::GetHTTPPage
2022-08-23 08:59:04 -  - TIME GetUpdatesList(request) 0.188 sec
2022-08-23 08:59:04 -  - exec CUpdateClient::ParseServerData
2022-08-23 08:59:07 -  - exec CUpdateClient::GetUpdatesList
2022-08-23 08:59:07 -  - exec CUpdateClient::CollectRequestData
2022-08-23 08:59:07 -  - LICENSE_KEY=X&lang=ru&SUPD_VER=22.100.0&VERSION=22.0.300&TYPENC=D&SUPD_STS=1&SUPD_URS=0&SUPD_DBS=MYSQL&XE=N&CLIENT_SITE=odejda&CHHB=odejda&CSAB=127.0.0.1&SUID=fbea39e71dfb560b994639c1336c1add&CANGZIP=Y&CLIENT_PHPVER=8.0.8&stable=Y&mbfo=0&NGINX=Y&SMD=N&rerere=Y&bitm_main=22.0.300&bitm_b24connector=21.100.0&bitm_bitrixcloud=22.0.0&bitm_clouds=22.0.0&bitm_fileman=22.0.0&bitm_highloadblock=22.200.0&bitm_iblock=21.800.300&bitm_landing=21.1300.200&bitm_messageservice=22.200.100&bitm_perfmon=21.0.0&bitm_rest=22.0.100&bitm_search=22.0.0&bitm_seo=22.0.200&bitm_socialservices=22.0.250&bitm_translate=21.100.0&bitm_ui=22.400.50&bitl_en=&bitl_ru=&SUPD_SRS=RU&SUPD_CMP=N&SALE_15=Y&LICENSE_SIGNED=%7Enew_license18_0_sign-Y
2022-08-23 08:59:07 -  - exec CUpdateClient::GetHTTPPage
2022-08-23 08:59:07 -  - TIME GetUpdatesList(request) 0.171 sec
2022-08-23 08:59:07 -  - exec CUpdateClient::ParseServerData
2022-08-23 08:59:15 -  - exec CUpdateClient::LoadModulesUpdates
2022-08-23 08:59:15 -  - exec CUpdateClient::CollectRequestData
2022-08-23 08:59:15 -  - LICENSE_KEY=X&lang=ru&SUPD_VER=22.100.0&VERSION=22.0.300&TYPENC=D&SUPD_STS=1&SUPD_URS=0&SUPD_DBS=MYSQL&XE=N&CLIENT_SITE=odejda&CHHB=odejda&CSAB=127.0.0.1&SUID=fbea39e71dfb560b994639c1336c1add&CANGZIP=Y&CLIENT_PHPVER=8.0.8&stable=Y&mbfo=0&NGINX=Y&SMD=N&rerere=Y&bitm_main=22.0.300&bitm_b24connector=21.100.0&bitm_bitrixcloud=22.0.0&bitm_clouds=22.0.0&bitm_fileman=22.0.0&bitm_highloadblock=22.200.0&bitm_iblock=21.800.300&bitm_landing=21.1300.200&bitm_messageservice=22.200.100&bitm_perfmon=21.0.0&bitm_rest=22.0.100&bitm_search=22.0.0&bitm_seo=22.0.200&bitm_socialservices=22.0.250&bitm_translate=21.100.0&bitm_ui=22.400.50&bitl_en=&bitl_ru=&SUPD_SRS=RU&SUPD_CMP=N&SALE_15=Y&LICENSE_SIGNED=%7Enew_license18_0_sign-Y
2022-08-23 08:59:15 -  - exec CUpdateClient::GetHTTPPage
2022-08-23 08:59:15 -  - TIME LoadModulesUpdates(request) 0.148 sec
2022-08-23 08:59:15 -  - exec CUpdateClient::ParseServerData
2022-08-23 08:59:15 - S - STEP
2022-08-23 08:59:15 - LMU01 - LoadModulesUpdates-Step
2022-08-23 08:59:15 -  - exec CUpdateClient::LoadModulesUpdates
2022-08-23 08:59:15 -  - exec CUpdateClient::ParseServerData
2022-08-23 08:59:15 -  - loadFile
2022-08-23 08:59:15 - U - RETURN
2022-08-23 08:59:15 -  - exec CUpdateClient::UnGzipArchive
2022-08-23 08:59:15 -  - TIME UnGzipArchive 0.024 sec
2022-08-23 08:59:15 -  - TIME UpdateStepModules 0.017 sec
2022-08-23 08:59:15 - UPD_SUCCESS - Updated: main (22.0.400)<br><li>Исправлена ошибка отправки писем через SMTP. 
2022-08-23 08:59:15 -  - exec CUpdateClient::LoadModulesUpdates
2022-08-23 08:59:15 -  - exec CUpdateClient::CollectRequestData
2022-08-23 08:59:15 -  - LICENSE_KEY=X&lang=ru&SUPD_VER=22.100.0&VERSION=22.0.400&TYPENC=D&SUPD_STS=1&SUPD_URS=0&SUPD_DBS=MYSQL&XE=N&CLIENT_SITE=odejda&CHHB=odejda&CSAB=127.0.0.1&SUID=fbea39e71dfb560b994639c1336c1add&CANGZIP=Y&CLIENT_PHPVER=8.0.8&stable=Y&mbfo=0&NGINX=Y&SMD=N&rerere=Y&bitm_main=22.0.400&bitm_b24connector=21.100.0&bitm_bitrixcloud=22.0.0&bitm_clouds=22.0.0&bitm_fileman=22.0.0&bitm_highloadblock=22.200.0&bitm_iblock=21.800.300&bitm_landing=21.1300.200&bitm_messageservice=22.200.100&bitm_perfmon=21.0.0&bitm_rest=22.0.100&bitm_search=22.0.0&bitm_seo=22.0.200&bitm_socialservices=22.0.250&bitm_translate=21.100.0&bitm_ui=22.400.50&bitl_en=&bitl_ru=&SUPD_SRS=RU&SUPD_CMP=N&SALE_15=Y&LICENSE_SIGNED=%7Enew_license18_0_sign-Y
2022-08-23 08:59:15 -  - exec CUpdateClient::GetHTTPPage
2022-08-23 08:59:15 -  - TIME LoadModulesUpdates(request) 0.161 sec
2022-08-23 08:59:15 -  - exec CUpdateClient::ParseServerData
2022-08-23 08:59:15 - S - STEP
2022-08-23 08:59:15 - LMU01 - LoadModulesUpdates-Step
2022-08-23 08:59:16 -  - exec CUpdateClient::LoadModulesUpdates
2022-08-23 08:59:16 -  - exec CUpdateClient::ParseServerData
2022-08-23 08:59:16 -  - loadFile
2022-08-23 08:59:19 - U - RETURN
2022-08-23 08:59:19 -  - exec CUpdateClient::UnGzipArchive
2022-08-23 08:59:22 -  - TIME UnGzipArchive 3.334 sec
2022-08-23 08:59:22 - CSURUS1 - Run updater '/bitrix/updates/update_m1661234359/main/updater22.100.0.php'
2022-08-23 08:59:22 - CRUPDCF1 - Run updater '/bitrix/updates/update_m1661234359/main/updater22.100.0.php': CopyFiles(install/components, components)
2022-08-23 08:59:23 - CRUPDCF1 - Run updater '/bitrix/updates/update_m1661234359/main/updater22.100.0.php': CopyFiles(install/css, css)
2022-08-23 08:59:23 - CRUPDCF1 - Run updater '/bitrix/updates/update_m1661234359/main/updater22.100.0.php': CopyFiles(install/js, js)
2022-08-23 08:59:24 - CRUPDCF1 - Run updater '/bitrix/updates/update_m1661234359/main/updater22.100.0.php': CopyFiles(install/tools, tools)
2022-08-23 08:59:27 -  - TIME UpdateStepModules 4.415 sec
2022-08-23 08:59:27 - UPD_SUCCESS - Updated: main (22.100.0)<br><li>Поле профиля пользователя \"Язык для уведомлений\" теперь устанавливается при авторизации, если оно не было заполнено. <li>Исправлен ряд интерфейсных ошибок. <li>Разработчикам: улучшена совместимость с PHP 8.1. <li>Разработчикам: jquery в core extensions обновлен до последних стабильных версий (1.12.4, 2.2.4, 3.6.0). 
2022-08-23 08:59:27 -  - exec CUpdateClient::LoadModulesUpdates
2022-08-23 08:59:27 -  - exec CUpdateClient::CollectRequestData
2022-08-23 08:59:27 -  - LICENSE_KEY=X&lang=ru&SUPD_VER=22.100.0&VERSION=22.100.0&TYPENC=D&SUPD_STS=1&SUPD_URS=0&SUPD_DBS=MYSQL&XE=N&CLIENT_SITE=odejda&CHHB=odejda&CSAB=127.0.0.1&SUID=fbea39e71dfb560b994639c1336c1add&CANGZIP=Y&CLIENT_PHPVER=8.0.8&stable=Y&mbfo=0&NGINX=Y&SMD=N&rerere=Y&bitm_main=22.100.0&bitm_b24connector=21.100.0&bitm_bitrixcloud=22.0.0&bitm_clouds=22.0.0&bitm_fileman=22.0.0&bitm_highloadblock=22.200.0&bitm_iblock=21.800.300&bitm_landing=21.1300.200&bitm_messageservice=22.200.100&bitm_perfmon=21.0.0&bitm_rest=22.0.100&bitm_search=22.0.0&bitm_seo=22.0.200&bitm_socialservices=22.0.250&bitm_translate=21.100.0&bitm_ui=22.400.50&bitl_en=&bitl_ru=&SUPD_SRS=RU&SUPD_CMP=N&SALE_15=Y&LICENSE_SIGNED=%7Enew_license18_0_sign-Y
2022-08-23 08:59:27 -  - exec CUpdateClient::GetHTTPPage
2022-08-23 08:59:27 -  - TIME LoadModulesUpdates(request) 0.146 sec
2022-08-23 08:59:27 -  - exec CUpdateClient::ParseServerData
2022-08-23 08:59:27 - S - STEP
2022-08-23 08:59:27 - LMU01 - LoadModulesUpdates-Step
2022-08-23 08:59:27 -  - exec CUpdateClient::LoadModulesUpdates
2022-08-23 08:59:27 -  - exec CUpdateClient::ParseServerData
2022-08-23 08:59:27 -  - loadFile
2022-08-23 08:59:27 - U - RETURN
2022-08-23 08:59:28 -  - exec CUpdateClient::UnGzipArchive
2022-08-23 08:59:28 -  - TIME UnGzipArchive 0.101 sec
2022-08-23 08:59:28 - CSURUS1 - Run updater '/bitrix/updates/update_m1661234368/main/updater22.100.100.php'
2022-08-23 08:59:28 - CRUPDCF1 - Run updater '/bitrix/updates/update_m1661234368/main/updater22.100.100.php': CopyFiles(install/components, components)
2022-08-23 08:59:28 -  - TIME UpdateStepModules 0.128 sec
2022-08-23 08:59:28 - UPD_SUCCESS - Updated: main (22.100.100)<br><li>Исправлена ошибка на странице \"Скорость сайта\". <li>Незначительные изменения. 
2022-08-23 08:59:28 -  - exec CUpdateClient::LoadModulesUpdates
2022-08-23 08:59:28 -  - exec CUpdateClient::CollectRequestData
2022-08-23 08:59:28 -  - LICENSE_KEY=X&lang=ru&SUPD_VER=22.100.0&VERSION=22.100.100&TYPENC=D&SUPD_STS=1&SUPD_URS=0&SUPD_DBS=MYSQL&XE=N&CLIENT_SITE=odejda&CHHB=odejda&CSAB=127.0.0.1&SUID=fbea39e71dfb560b994639c1336c1add&CANGZIP=Y&CLIENT_PHPVER=8.0.8&stable=Y&mbfo=0&NGINX=Y&SMD=N&rerere=Y&bitm_main=22.100.100&bitm_b24connector=21.100.0&bitm_bitrixcloud=22.0.0&bitm_clouds=22.0.0&bitm_fileman=22.0.0&bitm_highloadblock=22.200.0&bitm_iblock=21.800.300&bitm_landing=21.1300.200&bitm_messageservice=22.200.100&bitm_perfmon=21.0.0&bitm_rest=22.0.100&bitm_search=22.0.0&bitm_seo=22.0.200&bitm_socialservices=22.0.250&bitm_translate=21.100.0&bitm_ui=22.400.50&bitl_en=&bitl_ru=&SUPD_SRS=RU&SUPD_CMP=N&SALE_15=Y&LICENSE_SIGNED=%7Enew_license18_0_sign-Y
2022-08-23 08:59:28 -  - exec CUpdateClient::GetHTTPPage
2022-08-23 08:59:28 -  - TIME LoadModulesUpdates(request) 0.144 sec
2022-08-23 08:59:28 -  - exec CUpdateClient::ParseServerData
2022-08-23 08:59:28 - S - STEP
2022-08-23 08:59:28 - LMU01 - LoadModulesUpdates-Step
2022-08-23 08:59:28 -  - exec CUpdateClient::LoadModulesUpdates
2022-08-23 08:59:28 -  - exec CUpdateClient::ParseServerData
2022-08-23 08:59:28 -  - loadFile
2022-08-23 08:59:28 - U - RETURN
2022-08-23 08:59:28 -  - exec CUpdateClient::UnGzipArchive
2022-08-23 08:59:29 -  - TIME UnGzipArchive 0.283 sec
2022-08-23 08:59:29 - CSURUS1 - Run updater '/bitrix/updates/update_m1661234368/fileman/updater22.100.0.php'
2022-08-23 08:59:29 - CRUPDCF1 - Run updater '/bitrix/updates/update_m1661234368/fileman/updater22.100.0.php': CopyFiles(install/components, components)
2022-08-23 08:59:29 - CRUPDCF1 - Run updater '/bitrix/updates/update_m1661234368/fileman/updater22.100.0.php': CopyFiles(install/js, js)
2022-08-23 08:59:29 -  - TIME UpdateStepModules 0.285 sec
2022-08-23 08:59:29 - UPD_SUCCESS - Updated: fileman (22.100.0)<br><li>Пользовательское поле типа \"Адрес\" переведено на использование провайдера, предоставляемого модулем \"Адреса и Местоположения\".
2022-08-23 08:59:29 -  - exec CUpdateClient::LoadModulesUpdates
2022-08-23 08:59:29 -  - exec CUpdateClient::CollectRequestData
2022-08-23 08:59:29 -  - LICENSE_KEY=X&lang=ru&SUPD_VER=22.100.0&VERSION=22.100.100&TYPENC=D&SUPD_STS=1&SUPD_URS=0&SUPD_DBS=MYSQL&XE=N&CLIENT_SITE=odejda&CHHB=odejda&CSAB=127.0.0.1&SUID=fbea39e71dfb560b994639c1336c1add&CANGZIP=Y&CLIENT_PHPVER=8.0.8&stable=Y&mbfo=0&NGINX=Y&SMD=N&rerere=Y&bitm_main=22.100.100&bitm_b24connector=21.100.0&bitm_bitrixcloud=22.0.0&bitm_clouds=22.0.0&bitm_fileman=22.100.0&bitm_highloadblock=22.200.0&bitm_iblock=21.800.300&bitm_landing=21.1300.200&bitm_messageservice=22.200.100&bitm_perfmon=21.0.0&bitm_rest=22.0.100&bitm_search=22.0.0&bitm_seo=22.0.200&bitm_socialservices=22.0.250&bitm_translate=21.100.0&bitm_ui=22.400.50&bitl_en=&bitl_ru=&SUPD_SRS=RU&SUPD_CMP=N&SALE_15=Y&LICENSE_SIGNED=%7Enew_license18_0_sign-Y
2022-08-23 08:59:29 -  - exec CUpdateClient::GetHTTPPage
2022-08-23 08:59:29 -  - TIME LoadModulesUpdates(request) 0.154 sec
2022-08-23 08:59:29 -  - exec CUpdateClient::ParseServerData
2022-08-23 08:59:29 - S - STEP
2022-08-23 08:59:29 - LMU01 - LoadModulesUpdates-Step
2022-08-23 08:59:29 -  - exec CUpdateClient::LoadModulesUpdates
2022-08-23 08:59:29 -  - exec CUpdateClient::ParseServerData
2022-08-23 08:59:29 -  - loadFile
2022-08-23 08:59:30 - U - RETURN
2022-08-23 08:59:30 -  - exec CUpdateClient::UnGzipArchive
2022-08-23 08:59:30 -  - TIME UnGzipArchive 0.108 sec
2022-08-23 08:59:30 - CSURUS1 - Run updater '/bitrix/updates/update_m1661234370/iblock/updater21.800.350.php'
2022-08-23 08:59:30 - CRUPDCF1 - Run updater '/bitrix/updates/update_m1661234370/iblock/updater21.800.350.php': CopyFiles(install/components, components)
2022-08-23 08:59:30 -  - TIME UpdateStepModules 0.167 sec
2022-08-23 08:59:30 - UPD_SUCCESS - Updated: iblock (21.800.350)<br><li>Исправлена работа отложенного ресайза изображений в компонентах.
2022-08-23 08:59:30 -  - exec CUpdateClient::LoadModulesUpdates
2022-08-23 08:59:30 -  - exec CUpdateClient::CollectRequestData
2022-08-23 08:59:30 -  - LICENSE_KEY=X&lang=ru&SUPD_VER=22.100.0&VERSION=22.100.100&TYPENC=D&SUPD_STS=1&SUPD_URS=0&SUPD_DBS=MYSQL&XE=N&CLIENT_SITE=odejda&CHHB=odejda&CSAB=127.0.0.1&SUID=fbea39e71dfb560b994639c1336c1add&CANGZIP=Y&CLIENT_PHPVER=8.0.8&stable=Y&mbfo=0&NGINX=Y&SMD=N&rerere=Y&bitm_main=22.100.100&bitm_b24connector=21.100.0&bitm_bitrixcloud=22.0.0&bitm_clouds=22.0.0&bitm_fileman=22.100.0&bitm_highloadblock=22.200.0&bitm_iblock=21.800.350&bitm_landing=21.1300.200&bitm_messageservice=22.200.100&bitm_perfmon=21.0.0&bitm_rest=22.0.100&bitm_search=22.0.0&bitm_seo=22.0.200&bitm_socialservices=22.0.250&bitm_translate=21.100.0&bitm_ui=22.400.50&bitl_en=&bitl_ru=&SUPD_SRS=RU&SUPD_CMP=N&SALE_15=Y&LICENSE_SIGNED=%7Enew_license18_0_sign-Y
2022-08-23 08:59:30 -  - exec CUpdateClient::GetHTTPPage
2022-08-23 08:59:30 -  - TIME LoadModulesUpdates(request) 0.145 sec
2022-08-23 08:59:30 -  - exec CUpdateClient::ParseServerData
2022-08-23 08:59:30 - S - STEP
2022-08-23 08:59:30 - LMU01 - LoadModulesUpdates-Step
2022-08-23 08:59:30 -  - exec CUpdateClient::LoadModulesUpdates
2022-08-23 08:59:30 -  - exec CUpdateClient::ParseServerData
2022-08-23 08:59:30 -  - loadFile
2022-08-23 08:59:31 - U - RETURN
2022-08-23 08:59:31 -  - exec CUpdateClient::UnGzipArchive
2022-08-23 08:59:31 -  - TIME UnGzipArchive 0.196 sec
2022-08-23 08:59:31 - CSURUS1 - Run updater '/bitrix/updates/update_m1661234371/iblock/updater21.800.400.php'
2022-08-23 08:59:31 - CRUPDCF1 - Run updater '/bitrix/updates/update_m1661234371/iblock/updater21.800.400.php': CopyFiles(install/components, components)
2022-08-23 08:59:31 -  - TIME UpdateStepModules 0.261 sec
2022-08-23 08:59:31 - UPD_SUCCESS - Updated: iblock (21.800.400)<br><li>Техническое обновление для поддержки контекстного меню в списке товаров crm.
2022-08-23 08:59:31 -  - exec CUpdateClient::LoadModulesUpdates
2022-08-23 08:59:31 -  - exec CUpdateClient::CollectRequestData
2022-08-23 08:59:31 -  - LICENSE_KEY=X&lang=ru&SUPD_VER=22.100.0&VERSION=22.100.100&TYPENC=D&SUPD_STS=1&SUPD_URS=0&SUPD_DBS=MYSQL&XE=N&CLIENT_SITE=odejda&CHHB=odejda&CSAB=127.0.0.1&SUID=fbea39e71dfb560b994639c1336c1add&CANGZIP=Y&CLIENT_PHPVER=8.0.8&stable=Y&mbfo=0&NGINX=Y&SMD=N&rerere=Y&bitm_main=22.100.100&bitm_b24connector=21.100.0&bitm_bitrixcloud=22.0.0&bitm_clouds=22.0.0&bitm_fileman=22.100.0&bitm_highloadblock=22.200.0&bitm_iblock=21.800.400&bitm_landing=21.1300.200&bitm_messageservice=22.200.100&bitm_perfmon=21.0.0&bitm_rest=22.0.100&bitm_search=22.0.0&bitm_seo=22.0.200&bitm_socialservices=22.0.250&bitm_translate=21.100.0&bitm_ui=22.400.50&bitl_en=&bitl_ru=&SUPD_SRS=RU&SUPD_CMP=N&SALE_15=Y&LICENSE_SIGNED=%7Enew_license18_0_sign-Y
2022-08-23 08:59:31 -  - exec CUpdateClient::GetHTTPPage
2022-08-23 08:59:31 -  - TIME LoadModulesUpdates(request) 0.147 sec
2022-08-23 08:59:31 -  - exec CUpdateClient::ParseServerData
2022-08-23 08:59:31 - S - STEP
2022-08-23 08:59:31 - LMU01 - LoadModulesUpdates-Step
2022-08-23 08:59:32 -  - exec CUpdateClient::LoadModulesUpdates
2022-08-23 08:59:32 -  - exec CUpdateClient::ParseServerData
2022-08-23 08:59:32 -  - loadFile
2022-08-23 08:59:32 - U - RETURN
2022-08-23 08:59:32 -  - exec CUpdateClient::UnGzipArchive
2022-08-23 08:59:32 -  - TIME UnGzipArchive 0.117 sec
2022-08-23 08:59:32 - CSURUS1 - Run updater '/bitrix/updates/update_m1661234372/translate/updater22.0.0.php'
2022-08-23 08:59:32 -  - TIME UpdateStepModules 0.069 sec
2022-08-23 08:59:32 - UPD_SUCCESS - Updated: translate (22.0.0)<br><li>Исправлена ошибка при экспорте фраз переводов с помощью группового действия на отмеченных файлов в гриде. <li>Добавлен вывод сообщения об отсутствии прав на запись файла с фразами. <li>Исправлена ошибка при импорте фраз с разметкой из csv-файла. 
2022-08-23 08:59:32 -  - exec CUpdateClient::LoadModulesUpdates
2022-08-23 08:59:32 -  - exec CUpdateClient::CollectRequestData
2022-08-23 08:59:32 -  - LICENSE_KEY=X&lang=ru&SUPD_VER=22.100.0&VERSION=22.100.100&TYPENC=D&SUPD_STS=1&SUPD_URS=0&SUPD_DBS=MYSQL&XE=N&CLIENT_SITE=odejda&CHHB=odejda&CSAB=127.0.0.1&SUID=fbea39e71dfb560b994639c1336c1add&CANGZIP=Y&CLIENT_PHPVER=8.0.8&stable=Y&mbfo=0&NGINX=Y&SMD=N&rerere=Y&bitm_main=22.100.100&bitm_b24connector=21.100.0&bitm_bitrixcloud=22.0.0&bitm_clouds=22.0.0&bitm_fileman=22.100.0&bitm_highloadblock=22.200.0&bitm_iblock=21.800.400&bitm_landing=21.1300.200&bitm_messageservice=22.200.100&bitm_perfmon=21.0.0&bitm_rest=22.0.100&bitm_search=22.0.0&bitm_seo=22.0.200&bitm_socialservices=22.0.250&bitm_translate=22.0.0&bitm_ui=22.400.50&bitl_en=&bitl_ru=&SUPD_SRS=RU&SUPD_CMP=N&SALE_15=Y&LICENSE_SIGNED=%7Enew_license18_0_sign-Y
2022-08-23 08:59:32 -  - exec CUpdateClient::GetHTTPPage
2022-08-23 08:59:32 -  - TIME LoadModulesUpdates(request) 0.162 sec
2022-08-23 08:59:32 -  - exec CUpdateClient::ParseServerData
2022-08-23 08:59:32 - S - STEP
2022-08-23 08:59:32 - LMU01 - LoadModulesUpdates-Step
2022-08-23 08:59:32 -  - exec CUpdateClient::LoadModulesUpdates
2022-08-23 08:59:32 -  - exec CUpdateClient::ParseServerData
2022-08-23 08:59:32 -  - loadFile
2022-08-23 08:59:33 - U - RETURN
2022-08-23 08:59:33 -  - exec CUpdateClient::UnGzipArchive
2022-08-23 08:59:33 -  - TIME UnGzipArchive 0.182 sec
2022-08-23 08:59:33 - CSURUS1 - Run updater '/bitrix/updates/update_m1661234373/seo/updater22.0.300.php'
2022-08-23 08:59:33 - CRUPDCF1 - Run updater '/bitrix/updates/update_m1661234373/seo/updater22.0.300.php': CopyFiles(install/components, components)
2022-08-23 08:59:33 -  - TIME UpdateStepModules 0.259 sec
2022-08-23 08:59:33 - UPD_SUCCESS - Updated: seo (22.0.300)<br><li>Для рекламных интеграций форм LeadAds сделано возвращение оригинальных текстов ошибок. 
2022-08-23 08:59:33 -  - exec CUpdateClient::LoadModulesUpdates
2022-08-23 08:59:33 -  - exec CUpdateClient::CollectRequestData
2022-08-23 08:59:33 -  - LICENSE_KEY=X&lang=ru&SUPD_VER=22.100.0&VERSION=22.100.100&TYPENC=D&SUPD_STS=1&SUPD_URS=0&SUPD_DBS=MYSQL&XE=N&CLIENT_SITE=odejda&CHHB=odejda&CSAB=127.0.0.1&SUID=fbea39e71dfb560b994639c1336c1add&CANGZIP=Y&CLIENT_PHPVER=8.0.8&stable=Y&mbfo=0&NGINX=Y&SMD=N&rerere=Y&bitm_main=22.100.100&bitm_b24connector=21.100.0&bitm_bitrixcloud=22.0.0&bitm_clouds=22.0.0&bitm_fileman=22.100.0&bitm_highloadblock=22.200.0&bitm_iblock=21.800.400&bitm_landing=21.1300.200&bitm_messageservice=22.200.100&bitm_perfmon=21.0.0&bitm_rest=22.0.100&bitm_search=22.0.0&bitm_seo=22.0.300&bitm_socialservices=22.0.250&bitm_translate=22.0.0&bitm_ui=22.400.50&bitl_en=&bitl_ru=&SUPD_SRS=RU&SUPD_CMP=N&SALE_15=Y&LICENSE_SIGNED=%7Enew_license18_0_sign-Y
2022-08-23 08:59:33 -  - exec CUpdateClient::GetHTTPPage
2022-08-23 08:59:33 -  - TIME LoadModulesUpdates(request) 0.155 sec
2022-08-23 08:59:33 -  - exec CUpdateClient::ParseServerData
2022-08-23 08:59:33 - S - STEP
2022-08-23 08:59:33 - LMU01 - LoadModulesUpdates-Step
2022-08-23 08:59:34 -  - exec CUpdateClient::LoadModulesUpdates
2022-08-23 08:59:34 -  - exec CUpdateClient::ParseServerData
2022-08-23 08:59:34 -  - loadFile
2022-08-23 08:59:34 - U - RETURN
2022-08-23 08:59:34 -  - exec CUpdateClient::UnGzipArchive
2022-08-23 08:59:34 -  - TIME UnGzipArchive 0.014 sec
2022-08-23 08:59:34 -  - TIME UpdateStepModules 0.01 sec
2022-08-23 08:59:34 - UPD_SUCCESS - Updated: socialservices (22.0.275)<br><li>Поддержка авторизации на Android через idtoken-auth.
2022-08-23 08:59:34 -  - exec CUpdateClient::LoadModulesUpdates
2022-08-23 08:59:34 -  - exec CUpdateClient::CollectRequestData
2022-08-23 08:59:34 -  - LICENSE_KEY=X&lang=ru&SUPD_VER=22.100.0&VERSION=22.100.100&TYPENC=D&SUPD_STS=1&SUPD_URS=0&SUPD_DBS=MYSQL&XE=N&CLIENT_SITE=odejda&CHHB=odejda&CSAB=127.0.0.1&SUID=fbea39e71dfb560b994639c1336c1add&CANGZIP=Y&CLIENT_PHPVER=8.0.8&stable=Y&mbfo=0&NGINX=Y&SMD=N&rerere=Y&bitm_main=22.100.100&bitm_b24connector=21.100.0&bitm_bitrixcloud=22.0.0&bitm_clouds=22.0.0&bitm_fileman=22.100.0&bitm_highloadblock=22.200.0&bitm_iblock=21.800.400&bitm_landing=21.1300.200&bitm_messageservice=22.200.100&bitm_perfmon=21.0.0&bitm_rest=22.0.100&bitm_search=22.0.0&bitm_seo=22.0.300&bitm_socialservices=22.0.275&bitm_translate=22.0.0&bitm_ui=22.400.50&bitl_en=&bitl_ru=&SUPD_SRS=RU&SUPD_CMP=N&SALE_15=Y&LICENSE_SIGNED=%7Enew_license18_0_sign-Y
2022-08-23 08:59:34 -  - exec CUpdateClient::GetHTTPPage
2022-08-23 08:59:34 -  - TIME LoadModulesUpdates(request) 0.159 sec
2022-08-23 08:59:34 -  - exec CUpdateClient::ParseServerData
2022-08-23 08:59:34 - S - STEP
2022-08-23 08:59:34 - LMU01 - LoadModulesUpdates-Step
2022-08-23 08:59:34 -  - exec CUpdateClient::LoadModulesUpdates
2022-08-23 08:59:34 -  - exec CUpdateClient::ParseServerData
2022-08-23 08:59:34 -  - loadFile
2022-08-23 08:59:34 - U - RETURN
2022-08-23 08:59:34 -  - exec CUpdateClient::UnGzipArchive
2022-08-23 08:59:34 -  - TIME UnGzipArchive 0.173 sec
2022-08-23 08:59:35 - CSURUS1 - Run updater '/bitrix/updates/update_m1661234374/socialservices/updater22.0.300.php'
2022-08-23 08:59:35 -  - TIME UpdateStepModules 0.148 sec
2022-08-23 08:59:35 - UPD_SUCCESS - Updated: socialservices (22.0.300)<br><li>Добавлен метод \\CSocServAuthManager::isActiveAuthService() для проверки активности сервиса. 
2022-08-23 08:59:35 -  - exec CUpdateClient::LoadModulesUpdates
2022-08-23 08:59:35 -  - exec CUpdateClient::CollectRequestData
2022-08-23 08:59:35 -  - LICENSE_KEY=X&lang=ru&SUPD_VER=22.100.0&VERSION=22.100.100&TYPENC=D&SUPD_STS=1&SUPD_URS=0&SUPD_DBS=MYSQL&XE=N&CLIENT_SITE=odejda&CHHB=odejda&CSAB=127.0.0.1&SUID=fbea39e71dfb560b994639c1336c1add&CANGZIP=Y&CLIENT_PHPVER=8.0.8&stable=Y&mbfo=0&NGINX=Y&SMD=N&rerere=Y&bitm_main=22.100.100&bitm_b24connector=21.100.0&bitm_bitrixcloud=22.0.0&bitm_clouds=22.0.0&bitm_fileman=22.100.0&bitm_highloadblock=22.200.0&bitm_iblock=21.800.400&bitm_landing=21.1300.200&bitm_messageservice=22.200.100&bitm_perfmon=21.0.0&bitm_rest=22.0.100&bitm_search=22.0.0&bitm_seo=22.0.300&bitm_socialservices=22.0.300&bitm_translate=22.0.0&bitm_ui=22.400.50&bitl_en=&bitl_ru=&SUPD_SRS=RU&SUPD_CMP=N&SALE_15=Y&LICENSE_SIGNED=%7Enew_license18_0_sign-Y
2022-08-23 08:59:35 -  - exec CUpdateClient::GetHTTPPage
2022-08-23 08:59:35 -  - TIME LoadModulesUpdates(request) 0.149 sec
2022-08-23 08:59:35 -  - exec CUpdateClient::ParseServerData
2022-08-23 08:59:35 - S - STEP
2022-08-23 08:59:35 - LMU01 - LoadModulesUpdates-Step
2022-08-23 08:59:35 -  - exec CUpdateClient::LoadModulesUpdates
2022-08-23 08:59:35 -  - exec CUpdateClient::ParseServerData
2022-08-23 08:59:35 -  - loadFile
2022-08-23 08:59:35 - U - RETURN
2022-08-23 08:59:35 -  - exec CUpdateClient::UnGzipArchive
2022-08-23 08:59:35 -  - TIME UnGzipArchive 0.117 sec
2022-08-23 08:59:35 - CSURUS1 - Run updater '/bitrix/updates/update_m1661234375/clouds/updater22.100.0.php'
2022-08-23 08:59:36 -  - TIME UpdateStepModules 0.101 sec
2022-08-23 08:59:36 - UPD_SUCCESS - Updated: clouds (22.100.0)<br><li>Исправлена загрузка больших файлов в некоторые s3-совместимые хранилища. 
2022-08-23 08:59:36 -  - exec CUpdateClient::LoadModulesUpdates
2022-08-23 08:59:36 -  - exec CUpdateClient::CollectRequestData
2022-08-23 08:59:36 -  - LICENSE_KEY=X&lang=ru&SUPD_VER=22.100.0&VERSION=22.100.100&TYPENC=D&SUPD_STS=1&SUPD_URS=0&SUPD_DBS=MYSQL&XE=N&CLIENT_SITE=odejda&CHHB=odejda&CSAB=127.0.0.1&SUID=fbea39e71dfb560b994639c1336c1add&CANGZIP=Y&CLIENT_PHPVER=8.0.8&stable=Y&mbfo=0&NGINX=Y&SMD=N&rerere=Y&bitm_main=22.100.100&bitm_b24connector=21.100.0&bitm_bitrixcloud=22.0.0&bitm_clouds=22.100.0&bitm_fileman=22.100.0&bitm_highloadblock=22.200.0&bitm_iblock=21.800.400&bitm_landing=21.1300.200&bitm_messageservice=22.200.100&bitm_perfmon=21.0.0&bitm_rest=22.0.100&bitm_search=22.0.0&bitm_seo=22.0.300&bitm_socialservices=22.0.300&bitm_translate=22.0.0&bitm_ui=22.400.50&bitl_en=&bitl_ru=&SUPD_SRS=RU&SUPD_CMP=N&SALE_15=Y&LICENSE_SIGNED=%7Enew_license18_0_sign-Y
2022-08-23 08:59:36 -  - exec CUpdateClient::GetHTTPPage
2022-08-23 08:59:36 -  - TIME LoadModulesUpdates(request) 0.165 sec
2022-08-23 08:59:36 -  - exec CUpdateClient::ParseServerData
2022-08-23 08:59:36 - S - STEP
2022-08-23 08:59:36 - LMU01 - LoadModulesUpdates-Step
2022-08-23 08:59:36 -  - exec CUpdateClient::LoadModulesUpdates
2022-08-23 08:59:36 -  - exec CUpdateClient::ParseServerData
2022-08-23 08:59:36 -  - loadFile
2022-08-23 08:59:36 - U - RETURN
2022-08-23 08:59:36 -  - exec CUpdateClient::UnGzipArchive
2022-08-23 08:59:36 -  - TIME UnGzipArchive 0.087 sec
2022-08-23 08:59:36 - CSURUS1 - Run updater '/bitrix/updates/update_m1661234376/bitrixcloud/updater22.100.0.php'
2022-08-23 08:59:36 -  - TIME UpdateStepModules 0.044 sec
2022-08-23 08:59:36 - UPD_SUCCESS - Updated: bitrixcloud (22.100.0)<br><li>Удалена поддержка CDN. 
2022-08-23 08:59:36 -  - exec CUpdateClient::LoadModulesUpdates
2022-08-23 08:59:36 -  - exec CUpdateClient::CollectRequestData
2022-08-23 08:59:36 -  - LICENSE_KEY=X&lang=ru&SUPD_VER=22.100.0&VERSION=22.100.100&TYPENC=D&SUPD_STS=1&SUPD_URS=0&SUPD_DBS=MYSQL&XE=N&CLIENT_SITE=odejda&CHHB=odejda&CSAB=127.0.0.1&SUID=fbea39e71dfb560b994639c1336c1add&CANGZIP=Y&CLIENT_PHPVER=8.0.8&stable=Y&mbfo=0&NGINX=Y&SMD=N&rerere=Y&bitm_main=22.100.100&bitm_b24connector=21.100.0&bitm_bitrixcloud=22.100.0&bitm_clouds=22.100.0&bitm_fileman=22.100.0&bitm_highloadblock=22.200.0&bitm_iblock=21.800.400&bitm_landing=21.1300.200&bitm_messageservice=22.200.100&bitm_perfmon=21.0.0&bitm_rest=22.0.100&bitm_search=22.0.0&bitm_seo=22.0.300&bitm_socialservices=22.0.300&bitm_translate=22.0.0&bitm_ui=22.400.50&bitl_en=&bitl_ru=&SUPD_SRS=RU&SUPD_CMP=N&SALE_15=Y&LICENSE_SIGNED=%7Enew_license18_0_sign-Y
2022-08-23 08:59:36 -  - exec CUpdateClient::GetHTTPPage
2022-08-23 08:59:37 -  - TIME LoadModulesUpdates(request) 0.166 sec
2022-08-23 08:59:37 -  - exec CUpdateClient::ParseServerData
2022-08-23 08:59:37 - S - STEP
2022-08-23 08:59:37 - LMU01 - LoadModulesUpdates-Step
2022-08-23 08:59:37 -  - exec CUpdateClient::LoadModulesUpdates
2022-08-23 08:59:37 -  - exec CUpdateClient::ParseServerData
2022-08-23 08:59:37 -  - loadFile
2022-08-23 08:59:37 - U - RETURN
2022-08-23 08:59:37 -  - exec CUpdateClient::UnGzipArchive
2022-08-23 08:59:37 -  - TIME UnGzipArchive 0.46 sec
2022-08-23 08:59:37 - CSURUS1 - Run updater '/bitrix/updates/update_m1661234377/rest/updater22.100.0.php'
2022-08-23 08:59:37 - CRUPDCF1 - Run updater '/bitrix/updates/update_m1661234377/rest/updater22.100.0.php': CopyFiles(install/components, components)
2022-08-23 08:59:38 -  - TIME UpdateStepModules 0.609 sec
2022-08-23 08:59:38 - UPD_SUCCESS - Updated: rest (22.100.0)<br><li>Добавлена возможность разрешать местам встраивания приложений регистрироваться для каждого пользователя отдельно. <li>Для iframe приложения добавлено разрешение autoplay. <li>Визуальные улучшения.
2022-08-23 08:59:38 -  - exec CUpdateClient::LoadModulesUpdates
2022-08-23 08:59:38 -  - exec CUpdateClient::CollectRequestData
2022-08-23 08:59:38 -  - LICENSE_KEY=X&lang=ru&SUPD_VER=22.100.0&VERSION=22.100.100&TYPENC=D&SUPD_STS=1&SUPD_URS=0&SUPD_DBS=MYSQL&XE=N&CLIENT_SITE=odejda&CHHB=odejda&CSAB=127.0.0.1&SUID=fbea39e71dfb560b994639c1336c1add&CANGZIP=Y&CLIENT_PHPVER=8.0.8&stable=Y&mbfo=0&NGINX=Y&SMD=N&rerere=Y&bitm_main=22.100.100&bitm_b24connector=21.100.0&bitm_bitrixcloud=22.100.0&bitm_clouds=22.100.0&bitm_fileman=22.100.0&bitm_highloadblock=22.200.0&bitm_iblock=21.800.400&bitm_landing=21.1300.200&bitm_messageservice=22.200.100&bitm_perfmon=21.0.0&bitm_rest=22.100.0&bitm_search=22.0.0&bitm_seo=22.0.300&bitm_socialservices=22.0.300&bitm_translate=22.0.0&bitm_ui=22.400.50&bitl_en=&bitl_ru=&SUPD_SRS=RU&SUPD_CMP=N&SALE_15=Y&LICENSE_SIGNED=%7Enew_license18_0_sign-Y
2022-08-23 08:59:38 -  - exec CUpdateClient::GetHTTPPage
2022-08-23 08:59:38 -  - TIME LoadModulesUpdates(request) 0.148 sec
2022-08-23 08:59:38 -  - exec CUpdateClient::ParseServerData
2022-08-23 08:59:38 - S - STEP
2022-08-23 08:59:38 - LMU01 - LoadModulesUpdates-Step
2022-08-23 08:59:38 -  - exec CUpdateClient::LoadModulesUpdates
2022-08-23 08:59:38 -  - exec CUpdateClient::ParseServerData
2022-08-23 08:59:38 -  - loadFile
2022-08-23 08:59:39 - U - RETURN
2022-08-23 08:59:39 -  - exec CUpdateClient::UnGzipArchive
2022-08-23 08:59:39 -  - TIME UnGzipArchive 0.178 sec
2022-08-23 08:59:39 - CSURUS1 - Run updater '/bitrix/updates/update_m1661234379/messageservice/updater22.300.0.php'
2022-08-23 08:59:39 - CRUPDCF1 - Run updater '/bitrix/updates/update_m1661234379/messageservice/updater22.300.0.php': CopyFiles(install/components, components)
2022-08-23 08:59:39 -  - TIME UpdateStepModules 0.109 sec
2022-08-23 08:59:39 - UPD_SUCCESS - Updated: messageservice (22.300.0)<br><li>Добавлена страница в административной части сайта для настройки провайдера Edna.ru WhatsApp. <li>Незначительные исправления и улучшения. 
2022-08-23 08:59:39 -  - exec CUpdateClient::LoadModulesUpdates
2022-08-23 08:59:39 -  - exec CUpdateClient::CollectRequestData
2022-08-23 08:59:39 -  - LICENSE_KEY=X&lang=ru&SUPD_VER=22.100.0&VERSION=22.100.100&TYPENC=D&SUPD_STS=1&SUPD_URS=0&SUPD_DBS=MYSQL&XE=N&CLIENT_SITE=odejda&CHHB=odejda&CSAB=127.0.0.1&SUID=fbea39e71dfb560b994639c1336c1add&CANGZIP=Y&CLIENT_PHPVER=8.0.8&stable=Y&mbfo=0&NGINX=Y&SMD=N&rerere=Y&bitm_main=22.100.100&bitm_b24connector=21.100.0&bitm_bitrixcloud=22.100.0&bitm_clouds=22.100.0&bitm_fileman=22.100.0&bitm_highloadblock=22.200.0&bitm_iblock=21.800.400&bitm_landing=21.1300.200&bitm_messageservice=22.300.0&bitm_perfmon=21.0.0&bitm_rest=22.100.0&bitm_search=22.0.0&bitm_seo=22.0.300&bitm_socialservices=22.0.300&bitm_translate=22.0.0&bitm_ui=22.400.50&bitl_en=&bitl_ru=&SUPD_SRS=RU&SUPD_CMP=N&SALE_15=Y&LICENSE_SIGNED=%7Enew_license18_0_sign-Y
2022-08-23 08:59:39 -  - exec CUpdateClient::GetHTTPPage
2022-08-23 08:59:39 -  - TIME LoadModulesUpdates(request) 0.15 sec
2022-08-23 08:59:39 -  - exec CUpdateClient::ParseServerData
2022-08-23 08:59:39 - S - STEP
2022-08-23 08:59:39 - LMU01 - LoadModulesUpdates-Step
2022-08-23 08:59:39 -  - exec CUpdateClient::LoadModulesUpdates
2022-08-23 08:59:39 -  - exec CUpdateClient::ParseServerData
2022-08-23 08:59:39 -  - loadFile
2022-08-23 08:59:39 - U - RETURN
2022-08-23 08:59:39 -  - exec CUpdateClient::UnGzipArchive
2022-08-23 08:59:39 -  - TIME UnGzipArchive 0.046 sec
2022-08-23 08:59:39 - CSURUS1 - Run updater '/bitrix/updates/update_m1661234379/ui/updater22.400.62.php'
2022-08-23 08:59:40 - CRUPDCF1 - Run updater '/bitrix/updates/update_m1661234379/ui/updater22.400.62.php': CopyFiles(install/js, js)
2022-08-23 08:59:40 -  - TIME UpdateStepModules 0.043 sec
2022-08-23 08:59:40 - UPD_SUCCESS - Updated: ui (22.400.62)<br><li>Добавлен режим совместимости для расширения ui.design-tokens.
2022-08-23 08:59:40 -  - exec CUpdateClient::LoadModulesUpdates
2022-08-23 08:59:40 -  - exec CUpdateClient::CollectRequestData
2022-08-23 08:59:40 -  - LICENSE_KEY=X&lang=ru&SUPD_VER=22.100.0&VERSION=22.100.100&TYPENC=D&SUPD_STS=1&SUPD_URS=0&SUPD_DBS=MYSQL&XE=N&CLIENT_SITE=odejda&CHHB=odejda&CSAB=127.0.0.1&SUID=fbea39e71dfb560b994639c1336c1add&CANGZIP=Y&CLIENT_PHPVER=8.0.8&stable=Y&mbfo=0&NGINX=Y&SMD=N&rerere=Y&bitm_main=22.100.100&bitm_b24connector=21.100.0&bitm_bitrixcloud=22.100.0&bitm_clouds=22.100.0&bitm_fileman=22.100.0&bitm_highloadblock=22.200.0&bitm_iblock=21.800.400&bitm_landing=21.1300.200&bitm_messageservice=22.300.0&bitm_perfmon=21.0.0&bitm_rest=22.100.0&bitm_search=22.0.0&bitm_seo=22.0.300&bitm_socialservices=22.0.300&bitm_translate=22.0.0&bitm_ui=22.400.62&bitl_en=&bitl_ru=&SUPD_SRS=RU&SUPD_CMP=N&SALE_15=Y&LICENSE_SIGNED=%7Enew_license18_0_sign-Y
2022-08-23 08:59:40 -  - exec CUpdateClient::GetHTTPPage
2022-08-23 08:59:40 -  - TIME LoadModulesUpdates(request) 0.15 sec
2022-08-23 08:59:40 -  - exec CUpdateClient::ParseServerData
2022-08-23 08:59:40 - S - STEP
2022-08-23 08:59:40 - LMU01 - LoadModulesUpdates-Step
2022-08-23 08:59:40 -  - exec CUpdateClient::LoadModulesUpdates
2022-08-23 08:59:40 -  - exec CUpdateClient::ParseServerData
2022-08-23 08:59:40 -  - loadFile
2022-08-23 08:59:40 - U - RETURN
2022-08-23 08:59:40 -  - exec CUpdateClient::UnGzipArchive
2022-08-23 08:59:40 -  - TIME UnGzipArchive 0.232 sec
2022-08-23 08:59:40 - CSURUS1 - Run updater '/bitrix/updates/update_m1661234380/messageservice/updater22.400.0.php'
2022-08-23 08:59:40 - CRUPDCF1 - Run updater '/bitrix/updates/update_m1661234380/messageservice/updater22.400.0.php': CopyFiles(install/components, components)
2022-08-23 08:59:41 -  - TIME UpdateStepModules 0.21 sec
2022-08-23 08:59:41 - UPD_SUCCESS - Updated: messageservice (22.400.0)<br><li>Незначительные изменения.
2022-08-23 08:59:41 -  - exec CUpdateClient::LoadModulesUpdates
2022-08-23 08:59:41 -  - exec CUpdateClient::CollectRequestData
2022-08-23 08:59:41 -  - LICENSE_KEY=X&lang=ru&SUPD_VER=22.100.0&VERSION=22.100.100&TYPENC=D&SUPD_STS=1&SUPD_URS=0&SUPD_DBS=MYSQL&XE=N&CLIENT_SITE=odejda&CHHB=odejda&CSAB=127.0.0.1&SUID=fbea39e71dfb560b994639c1336c1add&CANGZIP=Y&CLIENT_PHPVER=8.0.8&stable=Y&mbfo=0&NGINX=Y&SMD=N&rerere=Y&bitm_main=22.100.100&bitm_b24connector=21.100.0&bitm_bitrixcloud=22.100.0&bitm_clouds=22.100.0&bitm_fileman=22.100.0&bitm_highloadblock=22.200.0&bitm_iblock=21.800.400&bitm_landing=21.1300.200&bitm_messageservice=22.400.0&bitm_perfmon=21.0.0&bitm_rest=22.100.0&bitm_search=22.0.0&bitm_seo=22.0.300&bitm_socialservices=22.0.300&bitm_translate=22.0.0&bitm_ui=22.400.62&bitl_en=&bitl_ru=&SUPD_SRS=RU&SUPD_CMP=N&SALE_15=Y&LICENSE_SIGNED=%7Enew_license18_0_sign-Y
2022-08-23 08:59:41 -  - exec CUpdateClient::GetHTTPPage
2022-08-23 08:59:41 -  - TIME LoadModulesUpdates(request) 0.154 sec
2022-08-23 08:59:41 -  - exec CUpdateClient::ParseServerData
2022-08-23 08:59:41 - S - STEP
2022-08-23 08:59:41 - LMU01 - LoadModulesUpdates-Step
2022-08-23 08:59:41 -  - exec CUpdateClient::LoadModulesUpdates
2022-08-23 08:59:41 -  - exec CUpdateClient::ParseServerData
2022-08-23 08:59:41 -  - loadFile
2022-08-23 08:59:43 - U - RETURN
2022-08-23 08:59:43 -  - exec CUpdateClient::UnGzipArchive
2022-08-23 08:59:43 -  - TIME UnGzipArchive 0.136 sec
2022-08-23 08:59:43 - CSURUS1 - Run updater '/bitrix/updates/update_m1661234383/ui/updater22.400.75.php'
2022-08-23 08:59:43 - CRUPDCF1 - Run updater '/bitrix/updates/update_m1661234383/ui/updater22.400.75.php': CopyFiles(install/js, js)
2022-08-23 08:59:44 -  - TIME UpdateStepModules 0.26 sec
2022-08-23 08:59:44 - UPD_SUCCESS - Updated: ui (22.400.75)<br><li>Незначительные исправления.
2022-08-23 08:59:44 -  - exec CUpdateClient::LoadModulesUpdates
2022-08-23 08:59:44 -  - exec CUpdateClient::CollectRequestData
2022-08-23 08:59:44 -  - LICENSE_KEY=X&lang=ru&SUPD_VER=22.100.0&VERSION=22.100.100&TYPENC=D&SUPD_STS=1&SUPD_URS=0&SUPD_DBS=MYSQL&XE=N&CLIENT_SITE=odejda&CHHB=odejda&CSAB=127.0.0.1&SUID=fbea39e71dfb560b994639c1336c1add&CANGZIP=Y&CLIENT_PHPVER=8.0.8&stable=Y&mbfo=0&NGINX=Y&SMD=N&rerere=Y&bitm_main=22.100.100&bitm_b24connector=21.100.0&bitm_bitrixcloud=22.100.0&bitm_clouds=22.100.0&bitm_fileman=22.100.0&bitm_highloadblock=22.200.0&bitm_iblock=21.800.400&bitm_landing=21.1300.200&bitm_messageservice=22.400.0&bitm_perfmon=21.0.0&bitm_rest=22.100.0&bitm_search=22.0.0&bitm_seo=22.0.300&bitm_socialservices=22.0.300&bitm_translate=22.0.0&bitm_ui=22.400.75&bitl_en=&bitl_ru=&SUPD_SRS=RU&SUPD_CMP=N&SALE_15=Y&LICENSE_SIGNED=%7Enew_license18_0_sign-Y
2022-08-23 08:59:44 -  - exec CUpdateClient::GetHTTPPage
2022-08-23 08:59:44 -  - TIME LoadModulesUpdates(request) 0.166 sec
2022-08-23 08:59:44 -  - exec CUpdateClient::ParseServerData
2022-08-23 08:59:44 - S - STEP
2022-08-23 08:59:44 - LMU01 - LoadModulesUpdates-Step
2022-08-23 08:59:44 -  - exec CUpdateClient::LoadModulesUpdates
2022-08-23 08:59:44 -  - exec CUpdateClient::ParseServerData
2022-08-23 08:59:44 -  - loadFile
2022-08-23 08:59:46 - U - RETURN
2022-08-23 08:59:46 -  - exec CUpdateClient::UnGzipArchive
2022-08-23 08:59:46 -  - TIME UnGzipArchive 0.265 sec
2022-08-23 08:59:46 - CSURUS1 - Run updater '/bitrix/updates/update_m1661234386/ui/updater22.400.100.php'
2022-08-23 08:59:46 - CRUPDCF1 - Run updater '/bitrix/updates/update_m1661234386/ui/updater22.400.100.php': CopyFiles(install/js, js)
2022-08-23 08:59:47 -  - TIME UpdateStepModules 0.341 sec
2022-08-23 08:59:47 - UPD_SUCCESS - Updated: ui (22.400.100)<br><li>Исправлено поведение чекбоксов в формах для скрытия/показа подчинённых полей.
2022-08-23 08:59:47 -  - exec CUpdateClient::LoadModulesUpdates
2022-08-23 08:59:47 -  - exec CUpdateClient::CollectRequestData
2022-08-23 08:59:47 -  - LICENSE_KEY=X&lang=ru&SUPD_VER=22.100.0&VERSION=22.100.100&TYPENC=D&SUPD_STS=1&SUPD_URS=0&SUPD_DBS=MYSQL&XE=N&CLIENT_SITE=odejda&CHHB=odejda&CSAB=127.0.0.1&SUID=fbea39e71dfb560b994639c1336c1add&CANGZIP=Y&CLIENT_PHPVER=8.0.8&stable=Y&mbfo=0&NGINX=Y&SMD=N&rerere=Y&bitm_main=22.100.100&bitm_b24connector=21.100.0&bitm_bitrixcloud=22.100.0&bitm_clouds=22.100.0&bitm_fileman=22.100.0&bitm_highloadblock=22.200.0&bitm_iblock=21.800.400&bitm_landing=21.1300.200&bitm_messageservice=22.400.0&bitm_perfmon=21.0.0&bitm_rest=22.100.0&bitm_search=22.0.0&bitm_seo=22.0.300&bitm_socialservices=22.0.300&bitm_translate=22.0.0&bitm_ui=22.400.100&bitl_en=&bitl_ru=&SUPD_SRS=RU&SUPD_CMP=N&SALE_15=Y&LICENSE_SIGNED=%7Enew_license18_0_sign-Y
2022-08-23 08:59:47 -  - exec CUpdateClient::GetHTTPPage
2022-08-23 08:59:47 -  - TIME LoadModulesUpdates(request) 0.171 sec
2022-08-23 08:59:47 -  - exec CUpdateClient::ParseServerData
2022-08-23 08:59:47 - S - STEP
2022-08-23 08:59:47 - LMU01 - LoadModulesUpdates-Step
2022-08-23 08:59:47 -  - exec CUpdateClient::LoadModulesUpdates
2022-08-23 08:59:47 -  - exec CUpdateClient::ParseServerData
2022-08-23 08:59:47 -  - loadFile
2022-08-23 08:59:53 - U - RETURN
2022-08-23 08:59:53 -  - exec CUpdateClient::UnGzipArchive
2022-08-23 09:00:01 -  - TIME UnGzipArchive 7.601 sec
2022-08-23 09:00:01 - CSURUS1 - Run updater '/bitrix/updates/update_m1661234393/landing/updater22.0.0.php'
2022-08-23 09:00:01 - CRUPDCF1 - Run updater '/bitrix/updates/update_m1661234393/landing/updater22.0.0.php': CopyFiles(install/js, js)
2022-08-23 09:00:02 - CRUPDCF1 - Run updater '/bitrix/updates/update_m1661234393/landing/updater22.0.0.php': CopyFiles(install/blocks, blocks)
2022-08-23 09:00:03 - CRUPDCF1 - Run updater '/bitrix/updates/update_m1661234393/landing/updater22.0.0.php': CopyFiles(install/components, components)
2022-08-23 09:00:05 - CRUPDCF1 - Run updater '/bitrix/updates/update_m1661234393/landing/updater22.0.0.php': CopyFiles(install/templates, templates)
2022-08-23 09:00:06 - CRUPDCF1 - Run updater '/bitrix/updates/update_m1661234393/landing/updater22.0.0.php': CopyFiles(install/components, components)
2022-08-23 09:00:13 -  - TIME UpdateStepModules 12.008 sec
2022-08-23 09:00:13 - UPD_SUCCESS - Updated: landing (22.0.0)<br><li>Изменения доступности настройки Facebook Pixel и шаблонов Instagram в связи с ограничениями работы социальных сетей в текущем регионе. <li>Исправлены проблемы при создании нового сайта. <li>Исправлена работа форм обратной связи. <li>Незначительные изменение. <li>Добавлены настройки слайдеров для блоков. <li>Добавлены новые блоки FAQ. <li>Исправлено отображение primary цвета в настройках дизайна блока. <li>Улучшена инлайновая работа с текстом в редакторе. <li>Исправлено некорректное отображение выбранного шрифта в настройках дизайна. <li>Исправлена ошибка верстки в блоке \"Расписание с картинкой и описанием\". <li>Исправлена работа настройки \"Позиционирование\" для iOS устройств. <li>Исправлено отображение найденного контента в \"Базах знаний\". <li>Изменён внешний вид слайдеров настроек для сайта и страниц. 
2022-08-23 09:00:13 -  - exec CUpdateClient::LoadModulesUpdates
2022-08-23 09:00:13 -  - exec CUpdateClient::CollectRequestData
2022-08-23 09:00:13 -  - LICENSE_KEY=X&lang=ru&SUPD_VER=22.100.0&VERSION=22.100.100&TYPENC=D&SUPD_STS=1&SUPD_URS=0&SUPD_DBS=MYSQL&XE=N&CLIENT_SITE=odejda&CHHB=odejda&CSAB=127.0.0.1&SUID=fbea39e71dfb560b994639c1336c1add&CANGZIP=Y&CLIENT_PHPVER=8.0.8&stable=Y&mbfo=0&NGINX=Y&SMD=N&rerere=Y&bitm_main=22.100.100&bitm_b24connector=21.100.0&bitm_bitrixcloud=22.100.0&bitm_clouds=22.100.0&bitm_fileman=22.100.0&bitm_highloadblock=22.200.0&bitm_iblock=21.800.400&bitm_landing=22.0.0&bitm_messageservice=22.400.0&bitm_perfmon=21.0.0&bitm_rest=22.100.0&bitm_search=22.0.0&bitm_seo=22.0.300&bitm_socialservices=22.0.300&bitm_translate=22.0.0&bitm_ui=22.400.100&bitl_en=&bitl_ru=&SUPD_SRS=RU&SUPD_CMP=N&SALE_15=Y&LICENSE_SIGNED=%7Enew_license18_0_sign-Y
2022-08-23 09:00:13 -  - exec CUpdateClient::GetHTTPPage
2022-08-23 09:00:13 -  - TIME LoadModulesUpdates(request) 0.163 sec
2022-08-23 09:00:13 -  - exec CUpdateClient::ParseServerData
2022-08-23 09:00:13 - S - STEP
2022-08-23 09:00:13 - LMU01 - LoadModulesUpdates-Step
2022-08-23 09:00:14 -  - exec CUpdateClient::LoadModulesUpdates
2022-08-23 09:00:14 -  - exec CUpdateClient::ParseServerData
2022-08-23 09:00:14 -  - loadFile
2022-08-23 09:00:14 - U - RETURN
2022-08-23 09:00:14 -  - exec CUpdateClient::UnGzipArchive
2022-08-23 09:00:15 -  - TIME UnGzipArchive 0.565 sec
2022-08-23 09:00:15 - CSURUS1 - Run updater '/bitrix/updates/update_m1661234414/landing/updater22.0.100.php'
2022-08-23 09:00:15 - CRUPDCF1 - Run updater '/bitrix/updates/update_m1661234414/landing/updater22.0.100.php': CopyFiles(install/components, components)
2022-08-23 09:00:15 -  - TIME UpdateStepModules 0.527 sec
2022-08-23 09:00:15 - UPD_SUCCESS - Updated: landing (22.0.100)<br><li>Незначительные изменения.
2022-08-23 09:00:15 -  - exec CUpdateClient::LoadModulesUpdates
2022-08-23 09:00:15 -  - exec CUpdateClient::CollectRequestData
2022-08-23 09:00:15 -  - LICENSE_KEY=X&lang=ru&SUPD_VER=22.100.0&VERSION=22.100.100&TYPENC=D&SUPD_STS=1&SUPD_URS=0&SUPD_DBS=MYSQL&XE=N&CLIENT_SITE=odejda&CHHB=odejda&CSAB=127.0.0.1&SUID=fbea39e71dfb560b994639c1336c1add&CANGZIP=Y&CLIENT_PHPVER=8.0.8&stable=Y&mbfo=0&NGINX=Y&SMD=N&rerere=Y&bitm_main=22.100.100&bitm_b24connector=21.100.0&bitm_bitrixcloud=22.100.0&bitm_clouds=22.100.0&bitm_fileman=22.100.0&bitm_highloadblock=22.200.0&bitm_iblock=21.800.400&bitm_landing=22.0.100&bitm_messageservice=22.400.0&bitm_perfmon=21.0.0&bitm_rest=22.100.0&bitm_search=22.0.0&bitm_seo=22.0.300&bitm_socialservices=22.0.300&bitm_translate=22.0.0&bitm_ui=22.400.100&bitl_en=&bitl_ru=&SUPD_SRS=RU&SUPD_CMP=N&SALE_15=Y&LICENSE_SIGNED=%7Enew_license18_0_sign-Y
2022-08-23 09:00:15 -  - exec CUpdateClient::GetHTTPPage
2022-08-23 09:00:16 -  - TIME LoadModulesUpdates(request) 0.188 sec
2022-08-23 09:00:16 -  - exec CUpdateClient::ParseServerData
2022-08-23 09:00:16 - S - STEP
2022-08-23 09:00:16 - LMU01 - LoadModulesUpdates-Step
2022-08-23 09:00:16 -  - exec CUpdateClient::LoadModulesUpdates
2022-08-23 09:00:16 -  - exec CUpdateClient::ParseServerData
2022-08-23 09:00:16 -  - loadFile
2022-08-23 09:00:16 - U - RETURN
2022-08-23 09:00:16 -  - exec CUpdateClient::UnGzipArchive
2022-08-23 09:00:17 -  - TIME UnGzipArchive 0.582 sec
2022-08-23 09:00:17 - CSURUS1 - Run updater '/bitrix/updates/update_m1661234416/landing/updater22.0.200.php'
2022-08-23 09:00:17 - CRUPDCF1 - Run updater '/bitrix/updates/update_m1661234416/landing/updater22.0.200.php': CopyFiles(install/blocks, blocks)
2022-08-23 09:00:17 - CRUPDCF1 - Run updater '/bitrix/updates/update_m1661234416/landing/updater22.0.200.php': CopyFiles(install/components, components)
2022-08-23 09:00:17 - CRUPDCF1 - Run updater '/bitrix/updates/update_m1661234416/landing/updater22.0.200.php': CopyFiles(install/templates, templates)
2022-08-23 09:00:17 - CRUPDCF1 - Run updater '/bitrix/updates/update_m1661234416/landing/updater22.0.200.php': CopyFiles(install/js, js)
2022-08-23 09:00:18 -  - TIME UpdateStepModules 1.021 sec
2022-08-23 09:00:18 - UPD_SUCCESS - Updated: landing (22.0.200)<br><li>Незначительные изменения.
2022-08-23 09:00:18 -  - exec CUpdateClient::LoadModulesUpdates
2022-08-23 09:00:18 -  - exec CUpdateClient::CollectRequestData
2022-08-23 09:00:18 -  - LICENSE_KEY=X&lang=ru&SUPD_VER=22.100.0&VERSION=22.100.100&TYPENC=D&SUPD_STS=1&SUPD_URS=0&SUPD_DBS=MYSQL&XE=N&CLIENT_SITE=odejda&CHHB=odejda&CSAB=127.0.0.1&SUID=fbea39e71dfb560b994639c1336c1add&CANGZIP=Y&CLIENT_PHPVER=8.0.8&stable=Y&mbfo=0&NGINX=Y&SMD=N&rerere=Y&bitm_main=22.100.100&bitm_b24connector=21.100.0&bitm_bitrixcloud=22.100.0&bitm_clouds=22.100.0&bitm_fileman=22.100.0&bitm_highloadblock=22.200.0&bitm_iblock=21.800.400&bitm_landing=22.0.200&bitm_messageservice=22.400.0&bitm_perfmon=21.0.0&bitm_rest=22.100.0&bitm_search=22.0.0&bitm_seo=22.0.300&bitm_socialservices=22.0.300&bitm_translate=22.0.0&bitm_ui=22.400.100&bitl_en=&bitl_ru=&SUPD_SRS=RU&SUPD_CMP=N&SALE_15=Y&LICENSE_SIGNED=%7Enew_license18_0_sign-Y
2022-08-23 09:00:18 -  - exec CUpdateClient::GetHTTPPage
2022-08-23 09:00:18 -  - TIME LoadModulesUpdates(request) 0.226 sec
2022-08-23 09:00:18 -  - exec CUpdateClient::ParseServerData
2022-08-23 09:00:18 - S - STEP
2022-08-23 09:00:18 - LMU01 - LoadModulesUpdates-Step
2022-08-23 09:00:19 -  - exec CUpdateClient::LoadModulesUpdates
2022-08-23 09:00:19 -  - exec CUpdateClient::ParseServerData
2022-08-23 09:00:19 -  - loadFile
2022-08-23 09:00:19 - U - RETURN
2022-08-23 09:00:19 -  - exec CUpdateClient::UnGzipArchive
2022-08-23 09:00:19 -  - TIME UnGzipArchive 0.021 sec
2022-08-23 09:00:19 - CSURUS1 - Run updater '/bitrix/updates/update_m1661234419/landing/updater22.0.300.php'
2022-08-23 09:00:19 - CRUPDCF1 - Run updater '/bitrix/updates/update_m1661234419/landing/updater22.0.300.php': CopyFiles(install/blocks, blocks)
2022-08-23 09:00:19 -  - TIME UpdateStepModules 0.011 sec
2022-08-23 09:00:19 - UPD_SUCCESS - Updated: landing (22.0.300)<br><li>Исправлен блок \"Текст с пунктами\".
2022-08-23 09:00:19 -  - exec CUpdateClient::LoadModulesUpdates
2022-08-23 09:00:19 -  - exec CUpdateClient::CollectRequestData
2022-08-23 09:00:19 -  - LICENSE_KEY=X&lang=ru&SUPD_VER=22.100.0&VERSION=22.100.100&TYPENC=D&SUPD_STS=1&SUPD_URS=0&SUPD_DBS=MYSQL&XE=N&CLIENT_SITE=odejda&CHHB=odejda&CSAB=127.0.0.1&SUID=fbea39e71dfb560b994639c1336c1add&CANGZIP=Y&CLIENT_PHPVER=8.0.8&stable=Y&mbfo=0&NGINX=Y&SMD=N&rerere=Y&bitm_main=22.100.100&bitm_b24connector=21.100.0&bitm_bitrixcloud=22.100.0&bitm_clouds=22.100.0&bitm_fileman=22.100.0&bitm_highloadblock=22.200.0&bitm_iblock=21.800.400&bitm_landing=22.0.300&bitm_messageservice=22.400.0&bitm_perfmon=21.0.0&bitm_rest=22.100.0&bitm_search=22.0.0&bitm_seo=22.0.300&bitm_socialservices=22.0.300&bitm_translate=22.0.0&bitm_ui=22.400.100&bitl_en=&bitl_ru=&SUPD_SRS=RU&SUPD_CMP=N&SALE_15=Y&LICENSE_SIGNED=%7Enew_license18_0_sign-Y
2022-08-23 09:00:19 -  - exec CUpdateClient::GetHTTPPage
2022-08-23 09:00:19 -  - TIME LoadModulesUpdates(request) 0.145 sec
2022-08-23 09:00:19 -  - exec CUpdateClient::ParseServerData
2022-08-23 09:00:19 - STEP - Finish - NOUPDATES
2022-08-23 09:00:19 - STEP - Finish - NOUPDATES
2022-08-23 09:21:29 -  - exec CUpdateClient::GetUpdatesList
2022-08-23 09:21:29 -  - exec CUpdateClient::CollectRequestData
2022-08-23 09:21:29 -  - LICENSE_KEY=X&lang=ru&SUPD_VER=22.100.0&VERSION=22.100.100&TYPENC=D&SUPD_STS=1&SUPD_URS=0&SUPD_DBS=MYSQL&XE=N&CLIENT_SITE=odejda&CHHB=odejda&CSAB=127.0.0.1&SUID=fbea39e71dfb560b994639c1336c1add&CANGZIP=Y&CLIENT_PHPVER=8.0.8&stable=Y&mbfo=0&NGINX=Y&SMD=N&rerere=Y&bitm_main=22.100.100&bitm_b24connector=21.100.0&bitm_bitrixcloud=22.100.0&bitm_clouds=22.100.0&bitm_fileman=22.100.0&bitm_highloadblock=22.200.0&bitm_iblock=21.800.400&bitm_landing=22.0.300&bitm_messageservice=22.400.0&bitm_perfmon=21.0.0&bitm_rest=22.100.0&bitm_search=22.0.0&bitm_seo=22.0.300&bitm_socialservices=22.0.300&bitm_translate=22.0.0&bitm_ui=22.400.100&bitl_en=&bitl_ru=&SUPD_SRS=RU&SUPD_CMP=N&SALE_15=Y&LICENSE_SIGNED=%7Enew_license18_0_sign-Y
2022-08-23 09:21:29 -  - exec CUpdateClient::GetHTTPPage
2022-08-23 09:21:29 -  - TIME GetUpdatesList(request) 0.18 sec
2022-08-23 09:21:29 -  - exec CUpdateClient::ParseServerData
